{
  "stats": {
    "suites": 5,
    "tests": 5,
    "passes": 4,
    "pending": 0,
    "failures": 1,
    "start": "2020-06-07T17:56:18.893Z",
    "end": "2020-06-07T17:57:28.051Z",
    "duration": 69158,
    "testsRegistered": 5,
    "passPercent": 80,
    "pendingPercent": 0,
    "other": 0,
    "hasOther": false,
    "skipped": 0,
    "hasSkipped": false
  },
  "results": [
    {
      "uuid": "2cdbb6b2-c532-4b6c-b274-124bc4506a54",
      "title": "",
      "fullFile": "",
      "file": "",
      "beforeHooks": [],
      "afterHooks": [],
      "tests": [],
      "suites": [
        {
          "uuid": "2e275957-ff41-4978-aaa4-dc86312560ca",
          "title": "Search sulzer gmbh on google",
          "fullFile": "/Users/mustafamasetic/sulzer-test-automation/browserstack/codeceptjs/tests/karriere_test.js",
          "file": "/tests/karriere_test.js",
          "beforeHooks": [
            {
              "title": "\"before all\" hook: codeceptjs.beforeSuite",
              "fullTitle": "Search sulzer gmbh on google \"before all\" hook: codeceptjs.beforeSuite",
              "timedOut": false,
              "duration": 1,
              "state": null,
              "speed": null,
              "pass": false,
              "fail": false,
              "pending": false,
              "context": null,
              "code": "scenario.suiteSetup(suite)",
              "err": {},
              "uuid": "fa6f7401-286c-4bb7-8dba-ef21e2b58c5a",
              "parentUUID": "2e275957-ff41-4978-aaa4-dc86312560ca",
              "isHook": true,
              "skipped": false
            },
            {
              "title": "\"before each\" hook: codeceptjs.before",
              "fullTitle": "Search sulzer gmbh on google \"before each\" hook: codeceptjs.before",
              "timedOut": false,
              "duration": 8429,
              "state": null,
              "speed": null,
              "pass": false,
              "fail": false,
              "pending": false,
              "context": null,
              "code": "scenario.setup(suite)",
              "err": {},
              "uuid": "8f7fe039-47de-47d0-b704-24041e00aece",
              "parentUUID": "2e275957-ff41-4978-aaa4-dc86312560ca",
              "isHook": true,
              "skipped": false
            }
          ],
          "afterHooks": [
            {
              "title": "\"after all\" hook: codeceptjs.afterSuite",
              "fullTitle": "Search sulzer gmbh on google \"after all\" hook: codeceptjs.afterSuite",
              "timedOut": false,
              "duration": 9,
              "state": null,
              "speed": null,
              "pass": false,
              "fail": false,
              "pending": false,
              "context": null,
              "code": "scenario.suiteTeardown(suite)",
              "err": {},
              "uuid": "f209b942-fdfe-4912-aded-7d3a583cd805",
              "parentUUID": "2e275957-ff41-4978-aaa4-dc86312560ca",
              "isHook": true,
              "skipped": false
            },
            {
              "title": "\"after each\" hook: finalize codeceptjs",
              "fullTitle": "Search sulzer gmbh on google \"after each\" hook: finalize codeceptjs",
              "timedOut": false,
              "duration": 178,
              "state": null,
              "speed": null,
              "pass": false,
              "fail": false,
              "pending": false,
              "context": null,
              "code": "scenario.teardown(suite)",
              "err": {},
              "uuid": "72acdb5e-2ef3-4264-b739-c79078497b6f",
              "parentUUID": "2e275957-ff41-4978-aaa4-dc86312560ca",
              "isHook": true,
              "skipped": false
            }
          ],
          "tests": [
            {
              "title": "should search for \"sulzer gmbh\" and click on link with a name \"Karriere\"",
              "fullTitle": "Search sulzer gmbh on google: should search for \"sulzer gmbh\" and click on link with a name \"Karriere\"",
              "timedOut": false,
              "duration": 4967,
              "state": "passed",
              "speed": "slow",
              "pass": true,
              "fail": false,
              "pending": false,
              "context": null,
              "code": "I.amOnPage('https://google.com');\nI.waitForVisible({name: 'q'}, 5);\nI.fillField({name: 'q'}, 'sulzer gmbh');\nI.pressKey('Enter');\nI.waitForVisible(locate('a').withText('Karriere'), 5);\nI.click(locate('a').withText('Standorte'));\nI.seeInCurrentUrl('https://www.sulzer.de/de/standorte/');",
              "err": {},
              "uuid": "6f56c29c-4e9e-4047-9cbf-f5ddf7ae5eef",
              "parentUUID": "2e275957-ff41-4978-aaa4-dc86312560ca",
              "isHook": false,
              "skipped": false
            }
          ],
          "suites": [],
          "passes": [
            "6f56c29c-4e9e-4047-9cbf-f5ddf7ae5eef"
          ],
          "failures": [],
          "pending": [],
          "skipped": [],
          "duration": 4967,
          "root": false,
          "rootEmpty": false,
          "_timeout": 0
        },
        {
          "uuid": "25db2e93-05a7-4cab-95a8-f4f1b8b6ce97",
          "title": "Search sulzer gmbh on google",
          "fullFile": "/Users/mustafamasetic/sulzer-test-automation/browserstack/codeceptjs/tests/kontakt_test.js",
          "file": "/tests/kontakt_test.js",
          "beforeHooks": [
            {
              "title": "\"before all\" hook: codeceptjs.beforeSuite",
              "fullTitle": "Search sulzer gmbh on google \"before all\" hook: codeceptjs.beforeSuite",
              "timedOut": false,
              "duration": 0,
              "state": null,
              "speed": null,
              "pass": false,
              "fail": false,
              "pending": false,
              "context": null,
              "code": "scenario.suiteSetup(suite)",
              "err": {},
              "uuid": "f346b5ad-4a7c-4b69-9f6e-bcfbabec238b",
              "parentUUID": "25db2e93-05a7-4cab-95a8-f4f1b8b6ce97",
              "isHook": true,
              "skipped": false
            },
            {
              "title": "\"before each\" hook: codeceptjs.before",
              "fullTitle": "Search sulzer gmbh on google \"before each\" hook: codeceptjs.before",
              "timedOut": false,
              "duration": 12308,
              "state": null,
              "speed": null,
              "pass": false,
              "fail": false,
              "pending": false,
              "context": null,
              "code": "scenario.setup(suite)",
              "err": {},
              "uuid": "d3121517-cdff-4546-a863-ddbbdee35f7b",
              "parentUUID": "25db2e93-05a7-4cab-95a8-f4f1b8b6ce97",
              "isHook": true,
              "skipped": false
            }
          ],
          "afterHooks": [
            {
              "title": "\"after all\" hook: codeceptjs.afterSuite",
              "fullTitle": "Search sulzer gmbh on google \"after all\" hook: codeceptjs.afterSuite",
              "timedOut": false,
              "duration": 3,
              "state": null,
              "speed": null,
              "pass": false,
              "fail": false,
              "pending": false,
              "context": null,
              "code": "scenario.suiteTeardown(suite)",
              "err": {},
              "uuid": "c57b0593-21ba-4d4f-9145-f11894cabb2d",
              "parentUUID": "25db2e93-05a7-4cab-95a8-f4f1b8b6ce97",
              "isHook": true,
              "skipped": false
            },
            {
              "title": "\"after each\" hook: finalize codeceptjs",
              "fullTitle": "Search sulzer gmbh on google \"after each\" hook: finalize codeceptjs",
              "timedOut": false,
              "duration": 816,
              "state": null,
              "speed": null,
              "pass": false,
              "fail": false,
              "pending": false,
              "context": null,
              "code": "scenario.teardown(suite)",
              "err": {},
              "uuid": "c145ccb3-1a46-4d9a-be9a-597d552bd43c",
              "parentUUID": "25db2e93-05a7-4cab-95a8-f4f1b8b6ce97",
              "isHook": true,
              "skipped": false
            }
          ],
          "tests": [
            {
              "title": "should search for \"sulzer gmbh\" and click on link with a name \"Kontakt\"",
              "fullTitle": "Search sulzer gmbh on google: should search for \"sulzer gmbh\" and click on link with a name \"Kontakt\"",
              "timedOut": false,
              "duration": 6973,
              "state": "passed",
              "speed": "slow",
              "pass": true,
              "fail": false,
              "pending": false,
              "context": null,
              "code": "I.amOnPage('https://google.com');\nI.waitForVisible({name: 'q'}, 5);\nI.fillField({name: 'q'}, 'sulzer gmbh');\nI.pressKey('Enter');\nI.waitForVisible(locate('a').withText('Kontakt'), 5);\nI.click(locate('a').withText('Kontakt'));\nI.seeInCurrentUrl('kontakt');",
              "err": {},
              "uuid": "fdfade6a-3f2e-4ed3-bdfa-3a2795584206",
              "parentUUID": "25db2e93-05a7-4cab-95a8-f4f1b8b6ce97",
              "isHook": false,
              "skipped": false
            }
          ],
          "suites": [],
          "passes": [
            "fdfade6a-3f2e-4ed3-bdfa-3a2795584206"
          ],
          "failures": [],
          "pending": [],
          "skipped": [],
          "duration": 6973,
          "root": false,
          "rootEmpty": false,
          "_timeout": 0
        },
        {
          "uuid": "e2645b91-21ba-4f30-84f0-69a18ef9e7f0",
          "title": "Search sulzer gmbh on google",
          "fullFile": "/Users/mustafamasetic/sulzer-test-automation/browserstack/codeceptjs/tests/standorte_test.js",
          "file": "/tests/standorte_test.js",
          "beforeHooks": [
            {
              "title": "\"before all\" hook: codeceptjs.beforeSuite",
              "fullTitle": "Search sulzer gmbh on google \"before all\" hook: codeceptjs.beforeSuite",
              "timedOut": false,
              "duration": 1,
              "state": null,
              "speed": null,
              "pass": false,
              "fail": false,
              "pending": false,
              "context": null,
              "code": "scenario.suiteSetup(suite)",
              "err": {},
              "uuid": "27e084a6-2cff-4cdd-81fc-4dccd7d0ed71",
              "parentUUID": "e2645b91-21ba-4f30-84f0-69a18ef9e7f0",
              "isHook": true,
              "skipped": false
            },
            {
              "title": "\"before each\" hook: codeceptjs.before",
              "fullTitle": "Search sulzer gmbh on google \"before each\" hook: codeceptjs.before",
              "timedOut": false,
              "duration": 6013,
              "state": null,
              "speed": null,
              "pass": false,
              "fail": false,
              "pending": false,
              "context": null,
              "code": "scenario.setup(suite)",
              "err": {},
              "uuid": "c9eb2d88-b446-45c7-aec3-644851baac12",
              "parentUUID": "e2645b91-21ba-4f30-84f0-69a18ef9e7f0",
              "isHook": true,
              "skipped": false
            }
          ],
          "afterHooks": [
            {
              "title": "\"after all\" hook: codeceptjs.afterSuite",
              "fullTitle": "Search sulzer gmbh on google \"after all\" hook: codeceptjs.afterSuite",
              "timedOut": false,
              "duration": 2,
              "state": null,
              "speed": null,
              "pass": false,
              "fail": false,
              "pending": false,
              "context": null,
              "code": "scenario.suiteTeardown(suite)",
              "err": {},
              "uuid": "2999f41a-7a44-4259-9e42-bde3f9ea5732",
              "parentUUID": "e2645b91-21ba-4f30-84f0-69a18ef9e7f0",
              "isHook": true,
              "skipped": false
            },
            {
              "title": "\"after each\" hook: finalize codeceptjs",
              "fullTitle": "Search sulzer gmbh on google \"after each\" hook: finalize codeceptjs",
              "timedOut": false,
              "duration": 183,
              "state": null,
              "speed": null,
              "pass": false,
              "fail": false,
              "pending": false,
              "context": null,
              "code": "scenario.teardown(suite)",
              "err": {},
              "uuid": "95755b27-6a7a-45f4-9b4f-eea133ef63cd",
              "parentUUID": "e2645b91-21ba-4f30-84f0-69a18ef9e7f0",
              "isHook": true,
              "skipped": false
            }
          ],
          "tests": [
            {
              "title": "should search for \"sulzer gmbh\" and click on link with a name \"Standorte\"",
              "fullTitle": "Search sulzer gmbh on google: should search for \"sulzer gmbh\" and click on link with a name \"Standorte\"",
              "timedOut": false,
              "duration": 3719,
              "state": "passed",
              "speed": "slow",
              "pass": true,
              "fail": false,
              "pending": false,
              "context": null,
              "code": "I.amOnPage('https://google.com');\nI.waitForVisible({name: 'q'}, 5);\nI.fillField({name: 'q'}, 'sulzer gmbh');\nI.pressKey('Enter');\nI.waitForVisible(locate('a').withText('Standorte'), 5);\nI.click(locate('a').withText('Standorte'));\nI.seeInCurrentUrl('https://www.sulzer.de/de/standorte/');",
              "err": {},
              "uuid": "c035e671-65f2-4484-9c01-76ccd88ddd64",
              "parentUUID": "e2645b91-21ba-4f30-84f0-69a18ef9e7f0",
              "isHook": false,
              "skipped": false
            }
          ],
          "suites": [],
          "passes": [
            "c035e671-65f2-4484-9c01-76ccd88ddd64"
          ],
          "failures": [],
          "pending": [],
          "skipped": [],
          "duration": 3719,
          "root": false,
          "rootEmpty": false,
          "_timeout": 0
        },
        {
          "uuid": "73005dfa-dc5f-42d9-a0f0-2ebc1cd9278b",
          "title": "Search sulzer gmbh on google",
          "fullFile": "/Users/mustafamasetic/sulzer-test-automation/browserstack/codeceptjs/tests/stuttgart_test.js",
          "file": "/tests/stuttgart_test.js",
          "beforeHooks": [
            {
              "title": "\"before all\" hook: codeceptjs.beforeSuite",
              "fullTitle": "Search sulzer gmbh on google \"before all\" hook: codeceptjs.beforeSuite",
              "timedOut": false,
              "duration": 0,
              "state": null,
              "speed": null,
              "pass": false,
              "fail": false,
              "pending": false,
              "context": null,
              "code": "scenario.suiteSetup(suite)",
              "err": {},
              "uuid": "8eb40bfb-72e0-4ed7-912a-0394487bfab3",
              "parentUUID": "73005dfa-dc5f-42d9-a0f0-2ebc1cd9278b",
              "isHook": true,
              "skipped": false
            },
            {
              "title": "\"before each\" hook: codeceptjs.before",
              "fullTitle": "Search sulzer gmbh on google \"before each\" hook: codeceptjs.before",
              "timedOut": false,
              "duration": 7784,
              "state": null,
              "speed": null,
              "pass": false,
              "fail": false,
              "pending": false,
              "context": null,
              "code": "scenario.setup(suite)",
              "err": {},
              "uuid": "d6c4ec5d-2047-430b-b764-c834c9ce9736",
              "parentUUID": "73005dfa-dc5f-42d9-a0f0-2ebc1cd9278b",
              "isHook": true,
              "skipped": false
            }
          ],
          "afterHooks": [
            {
              "title": "\"after all\" hook: codeceptjs.afterSuite",
              "fullTitle": "Search sulzer gmbh on google \"after all\" hook: codeceptjs.afterSuite",
              "timedOut": false,
              "duration": 3,
              "state": null,
              "speed": null,
              "pass": false,
              "fail": false,
              "pending": false,
              "context": null,
              "code": "scenario.suiteTeardown(suite)",
              "err": {},
              "uuid": "64b95c6e-c232-44a2-909e-57a314bf7fab",
              "parentUUID": "73005dfa-dc5f-42d9-a0f0-2ebc1cd9278b",
              "isHook": true,
              "skipped": false
            },
            {
              "title": "\"after each\" hook: finalize codeceptjs",
              "fullTitle": "Search sulzer gmbh on google \"after each\" hook: finalize codeceptjs",
              "timedOut": false,
              "duration": 186,
              "state": null,
              "speed": null,
              "pass": false,
              "fail": false,
              "pending": false,
              "context": null,
              "code": "scenario.teardown(suite)",
              "err": {},
              "uuid": "8097959b-3db9-4d36-a58b-2ed15e084ca5",
              "parentUUID": "73005dfa-dc5f-42d9-a0f0-2ebc1cd9278b",
              "isHook": true,
              "skipped": false
            }
          ],
          "tests": [
            {
              "title": "should search for \"sulzer gmbh stuttgat\" and click on link with a name \"Stuttgart\"",
              "fullTitle": "Search sulzer gmbh on google: should search for \"sulzer gmbh stuttgat\" and click on link with a name \"Stuttgart\"",
              "timedOut": false,
              "duration": 7509,
              "state": "failed",
              "speed": null,
              "pass": false,
              "fail": true,
              "pending": false,
              "context": null,
              "code": "allure.severity('blocker');\nI.amOnPage('https://google.com');\nI.waitForVisible({name: 'q'}, 5);\nI.fillField({name: 'q'}, 'sulzer gmbh stuttgart');\nI.pressKey('Enter');\nI.waitForVisible(locate('a').withText('Stuttgart'), 5);\nI.click(locate('a').withText('Standorte'));\nI.seeInCurrentUrl('https://www.sulzer.de/de/standorte/');",
              "err": {
                "message": "Error: Clickable element \"{\"type\":\"xpath\",\"output\":null,\"strict\":true,\"locator\":{\"xpath\":\".//a[contains(., 'Standorte')]\"},\"value\":\".//a[contains(., 'Standorte')]\"}\" was not found by text|CSS|XPath",
                "estack": "Clickable element \"{\"type\":\"xpath\",\"output\":null,\"strict\":true,\"locator\":{\"xpath\":\".//a[contains(., 'Standorte')]\"},\"value\":\".//a[contains(., 'Standorte')]\"}\" was not found by text|CSS|XPath\n\nScenario Steps:\n\n- I.click({xpath: .//a[contains(., 'Standorte')]}) at Test.<anonymous> (tests/stuttgart_test.js:12:7)\n- I.waitForVisible({xpath: .//a[contains(., 'Stuttgart')]}, 5) at Test.<anonymous> (tests/stuttgart_test.js:11:7)\n- I.pressKey(\"Enter\") at Test.<anonymous> (tests/stuttgart_test.js:10:7)\n- I.fillField({\"name\":\"q\"}, \"sulzer gmbh stuttgart\") at Test.<anonymous> (tests/stuttgart_test.js:9:7)\n- I.waitForVisible({\"name\":\"q\"}, 5) at Test.<anonymous> (tests/stuttgart_test.js:8:7)\n- I.amOnPage(\"https://google.com\") at Test.<anonymous> (tests/stuttgart_test.js:7:7)\n\n",
                "diff": null
              },
              "uuid": "3ff05038-9f29-4b99-bfe7-7e4b9a330478",
              "parentUUID": "73005dfa-dc5f-42d9-a0f0-2ebc1cd9278b",
              "isHook": false,
              "skipped": false
            }
          ],
          "suites": [],
          "passes": [],
          "failures": [
            "3ff05038-9f29-4b99-bfe7-7e4b9a330478"
          ],
          "pending": [],
          "skipped": [],
          "duration": 7509,
          "root": false,
          "rootEmpty": false,
          "_timeout": 0
        },
        {
          "uuid": "1c2a221c-70f4-4ddb-8c6d-29713bd0f2e8",
          "title": "Search sulzer gmbh on google",
          "fullFile": "/Users/mustafamasetic/sulzer-test-automation/browserstack/codeceptjs/tests/unternehmen_test.js",
          "file": "/tests/unternehmen_test.js",
          "beforeHooks": [
            {
              "title": "\"before all\" hook: codeceptjs.beforeSuite",
              "fullTitle": "Search sulzer gmbh on google \"before all\" hook: codeceptjs.beforeSuite",
              "timedOut": false,
              "duration": 0,
              "state": null,
              "speed": null,
              "pass": false,
              "fail": false,
              "pending": false,
              "context": null,
              "code": "scenario.suiteSetup(suite)",
              "err": {},
              "uuid": "f6c70940-5a34-496f-b1d7-4cc066a3e7f7",
              "parentUUID": "1c2a221c-70f4-4ddb-8c6d-29713bd0f2e8",
              "isHook": true,
              "skipped": false
            },
            {
              "title": "\"before each\" hook: codeceptjs.before",
              "fullTitle": "Search sulzer gmbh on google \"before each\" hook: codeceptjs.before",
              "timedOut": false,
              "duration": 7132,
              "state": null,
              "speed": null,
              "pass": false,
              "fail": false,
              "pending": false,
              "context": null,
              "code": "scenario.setup(suite)",
              "err": {},
              "uuid": "ddb3f36d-cd17-4a7a-81ee-75c098933341",
              "parentUUID": "1c2a221c-70f4-4ddb-8c6d-29713bd0f2e8",
              "isHook": true,
              "skipped": false
            }
          ],
          "afterHooks": [
            {
              "title": "\"after all\" hook: codeceptjs.afterSuite",
              "fullTitle": "Search sulzer gmbh on google \"after all\" hook: codeceptjs.afterSuite",
              "timedOut": false,
              "duration": 4,
              "state": null,
              "speed": null,
              "pass": false,
              "fail": false,
              "pending": false,
              "context": null,
              "code": "scenario.suiteTeardown(suite)",
              "err": {},
              "uuid": "621c4b97-66d6-4e9e-9de6-b91f9e4f123c",
              "parentUUID": "1c2a221c-70f4-4ddb-8c6d-29713bd0f2e8",
              "isHook": true,
              "skipped": false
            },
            {
              "title": "\"after each\" hook: finalize codeceptjs",
              "fullTitle": "Search sulzer gmbh on google \"after each\" hook: finalize codeceptjs",
              "timedOut": false,
              "duration": 171,
              "state": null,
              "speed": null,
              "pass": false,
              "fail": false,
              "pending": false,
              "context": null,
              "code": "scenario.teardown(suite)",
              "err": {},
              "uuid": "d56125f2-a6e1-410a-bb27-1f234f337609",
              "parentUUID": "1c2a221c-70f4-4ddb-8c6d-29713bd0f2e8",
              "isHook": true,
              "skipped": false
            }
          ],
          "tests": [
            {
              "title": "should search for \"sulzer gmbh\" and click on link with a name \"Unternehmen\"",
              "fullTitle": "Search sulzer gmbh on google: should search for \"sulzer gmbh\" and click on link with a name \"Unternehmen\"",
              "timedOut": false,
              "duration": 2761,
              "state": "passed",
              "speed": "slow",
              "pass": true,
              "fail": false,
              "pending": false,
              "context": null,
              "code": "I.amOnPage('https://google.com');\nI.waitForVisible({name: 'q'}, 5);\nI.fillField({name: 'q'}, 'sulzer gmbh');\nI.pressKey('Enter');\nI.waitForVisible(locate('a').withText('Unternehmen'), 5);\nI.click(locate('a').withText('Unternehmen'));\nI.seeInCurrentUrl('https://www.sulzer.de/unternehmensinformationen/');",
              "err": {},
              "uuid": "203bfc98-fcb3-4c12-8623-70090d81f1bd",
              "parentUUID": "1c2a221c-70f4-4ddb-8c6d-29713bd0f2e8",
              "isHook": false,
              "skipped": false
            }
          ],
          "suites": [],
          "passes": [
            "203bfc98-fcb3-4c12-8623-70090d81f1bd"
          ],
          "failures": [],
          "pending": [],
          "skipped": [],
          "duration": 2761,
          "root": false,
          "rootEmpty": false,
          "_timeout": 0
        }
      ],
      "passes": [],
      "failures": [],
      "pending": [],
      "skipped": [],
      "duration": 0,
      "root": true,
      "rootEmpty": true,
      "_timeout": 0
    }
  ],
  "meta": {
    "mocha": {
      "version": "7.2.0"
    },
    "mochawesome": {
      "options": {
        "quiet": false,
        "reportFilename": "mochawesome",
        "saveHtml": true,
        "saveJson": true,
        "consoleReporter": "spec",
        "useInlineDiffs": false,
        "code": true
      },
      "version": "6.1.1"
    },
    "marge": {
      "options": {},
      "version": "5.1.0"
    }
  }
}